<?xml version="1.0" encoding="UTF-8"?>
<!-- Generated by org.testng.reporters.JUnitReportReporter -->
<testsuite skipped="0" hostname="DESKTOP-6FF9JGR" name="com.OHRM.TestCases.AddEmployeeTest" tests="1" failures="0" timestamp="09 Sep 2019 11:32:03 GMT" time="16.314" errors="0">
  <testcase name="addEmployeeTest" time="16.314" classname="com.OHRM.TestCases.AddEmployeeTest"/>
</testsuite> <!-- com.OHRM.TestCases.AddEmployeeTest -->
