<?xml version="1.0" encoding="UTF-8"?>
<!-- Generated by org.testng.reporters.JUnitReportReporter -->
<testsuite skipped="0" hostname="DESKTOP-6FF9JGR" name="com.OHRM.TestCases.LoginPageTest" tests="1" failures="0" timestamp="09 Sep 2019 11:18:56 GMT" time="8.864" errors="0">
  <testcase name="loginTest" time="8.864" classname="com.OHRM.TestCases.LoginPageTest"/>
</testsuite> <!-- com.OHRM.TestCases.LoginPageTest -->
